2022-10-05 08:30:34,072 [1] INFO DESKTOP-7OOTLMS - Se registro persona: FionaWFApp.Persona
2022-10-05 14:06:13,071 [1] INFO DESKTOP-U4K9O5R - Se registro persona: FionaWFApp.Persona
2022-10-05 14:11:46,898 [1] INFO DESKTOP-U4K9O5R - Se registro persona: FionaWFApp.Persona
2022-10-11 15:55:17,124 [1] INFO DESKTOP-U4K9O5R - Se registro persona: Emilio Dicaprio 356353524 Se le fue el techo
2022-10-11 16:04:29,477 [1] INFO DESKTOP-U4K9O5R - Se registro persona: Emilio Dicaprio 356353524 Se le fue el techo
2022-10-11 16:07:19,927 [1] INFO DESKTOP-U4K9O5R - Se registro persona: Emilio Dicaprio 356353524 Se le fue el techo
2022-10-11 17:32:24,436 [1] INFO DESKTOP-U4K9O5R - Se registro persona: Emilio Dicaprio 356353524 Se le fue el techo
2022-10-11 17:47:57,737 [1] INFO DESKTOP-U4K9O5R - Se registro persona: Rafael Casado 40219326885 Techo destruido
2022-10-11 17:48:17,291 [1] INFO DESKTOP-U4K9O5R - Se registro persona: Rafael Casado 40219326885 Techo destruido
2022-10-11 17:48:27,577 [1] INFO DESKTOP-U4K9O5R - Se registro persona: Rafael Casado 40219326885 Techo destruido
2022-10-11 17:50:16,570 [1] INFO DESKTOP-U4K9O5R - Se registro persona: Rafael Casado 40219326 Techo destruido
2022-10-11 17:53:56,107 [1] INFO DESKTOP-U4K9O5R - Se registro persona: ADA ADA ADA ASD
2022-10-11 17:54:43,746 [1] INFO DESKTOP-U4K9O5R - Se registro persona: ADA ADA ADA ASD
2022-10-11 17:59:45,174 [1] INFO DESKTOP-U4K9O5R - Se registro persona: YI KJKLJ UYI KJLK
2022-10-11 18:02:00,075 [1] INFO DESKTOP-U4K9O5R - Se registro persona: 1 1 1 1
2022-10-11 18:02:04,192 [1] INFO DESKTOP-U4K9O5R - Se registro persona: 1 1 1 1
2022-10-11 18:08:28,248 [1] INFO DESKTOP-U4K9O5R - Se registro persona: 2 2 2 2
2022-10-11 18:10:19,213 [1] INFO DESKTOP-U4K9O5R - Se registro persona: Alejandro Rodriguez 40219326557 Perdidas provocadas a vivienda
2022-10-11 18:10:36,657 [1] INFO DESKTOP-U4K9O5R - Se registro persona: Alejandro Rodriguez 40219326557 Perdidas provocadas a vivienda
2022-10-11 18:10:45,108 [1] INFO DESKTOP-U4K9O5R - Se registro persona: Alejandro Rodriguez 40219326557 Perdidas provocadas a vivienda
2022-10-11 18:11:25,868 [1] INFO DESKTOP-U4K9O5R - Se registro persona: Alejandro Rodriguez 40219326557 Perdidas provocadas a vivienda
2022-10-11 18:11:56,338 [1] INFO DESKTOP-U4K9O5R - Se registro persona: Alejandro Rodriguez 40219326557 Perdidas provocadas a vivienda
2022-10-11 18:12:46,066 [1] INFO DESKTOP-U4K9O5R - Se registro persona: Alejandro Rodriguez 40219326557 Perdidas provocadas a vivienda
2022-10-11 18:13:46,244 [1] INFO DESKTOP-U4K9O5R - Se registro persona: YIUYDAS ASDASKD 979797 DHAK
2022-10-11 18:13:49,471 [1] INFO DESKTOP-U4K9O5R - Se registro persona: YIUYDAS ASDASKD 979797 DHAK
2022-10-11 18:14:14,654 [1] INFO DESKTOP-U4K9O5R - Se registro persona: Alejandro Rodriguez 40219326557 Perdidas provocadas a vivienda
2022-10-11 18:15:00,524 [1] INFO DESKTOP-U4K9O5R - Se registro persona: Alejandro Rodriguez 840219326557 Perdidas provocadas a vivienda
2022-10-11 18:15:28,817 [1] INFO DESKTOP-U4K9O5R - Se registro persona: Alejandro Rodriguez 840219326557 Perdidas provocadas a vivienda
2022-10-11 18:15:55,945 [1] INFO DESKTOP-U4K9O5R - Se registro persona: Alejandro Rodriguez 840219326557 Perdidas provocadas a vivienda
2022-10-11 18:17:26,293 [1] INFO DESKTOP-U4K9O5R - Se registro persona: qeqwe qeqwe 4724892874 adasdad
2022-10-11 18:18:14,820 [1] INFO DESKTOP-U4K9O5R - Se registro persona: Alejandro Rodriguez 840219326557 Perdidas provocadas a vivienda
2022-10-11 18:19:55,865 [1] INFO DESKTOP-U4K9O5R - Se registro persona: Alejandro Rodriguez 840219326557 Perdidas provocadas a vivienda
2022-10-11 18:21:30,002 [1] INFO DESKTOP-U4K9O5R - Se registro persona: Alejandro Rodriguez 840219326557 Perdidas provocadas a vivienda
2022-10-11 18:21:35,718 [1] INFO DESKTOP-U4K9O5R - Se registro persona: Alejandro Rodriguez 840219326557 Perdidas provocadas a vivienda
2022-10-11 18:22:05,070 [1] INFO DESKTOP-U4K9O5R - Se registro persona: Alejandro Rodriguez 840219326557 Perdidas provocadas a vivienda
2022-10-11 18:22:33,440 [1] INFO DESKTOP-U4K9O5R - Se registro persona: Alejandro Rodriguez 840219326557 Perdidas provocadas a vivienda
2022-10-11 18:22:38,381 [1] INFO DESKTOP-U4K9O5R - Se registro persona: Alejandro Rodriguez 840219326557 Perdidas provocadas a vivienda
2022-10-11 18:22:49,942 [1] INFO DESKTOP-U4K9O5R - Se registro persona: Alejandro Rodriguez 840219326557 Perdidas provocadas a vivienda
2022-10-11 18:22:56,650 [1] INFO DESKTOP-U4K9O5R - Se registro persona: Alejandro Rodriguez 840219326557 Perdidas provocadas a vivienda
2022-10-11 18:23:51,198 [1] INFO DESKTOP-U4K9O5R - Se registro persona: Alejandro Rodriguez 840219326557 Perdidas provocadas a vivienda
2022-10-11 18:24:21,128 [1] INFO DESKTOP-U4K9O5R - Se registro persona: AFlejandro Rodriguez 840219326557 Perdidas provocadas a vivienda
2022-10-11 18:24:49,636 [1] INFO DESKTOP-U4K9O5R - Se registro persona: AFlejandro Rodriguez 578886685 Perdidas provocadas a vivienda
2022-10-11 18:24:53,983 [1] INFO DESKTOP-U4K9O5R - Se registro persona: AFlejandro Rodriguez 578886685 Perdidas provocadas a vivienda
2022-10-11 18:25:18,762 [1] INFO DESKTOP-U4K9O5R - Se registro persona: AFlejandro Rodriguez 578886685 Perdidas provocadas a vivienda
2022-10-11 18:25:59,666 [1] INFO DESKTOP-U4K9O5R - Se registro persona: 2 2 2 2
2022-10-11 18:27:34,030 [1] INFO DESKTOP-U4K9O5R - Se registro persona: AFlejandro Rodriguez 9578886685 Perdidas provocadas a vivienda
2022-10-11 18:29:40,390 [1] INFO DESKTOP-U4K9O5R - Se registro persona: AFlejandro Rodriguez 0578886685 Perdidas provocadas a vivienda
2022-10-11 18:33:53,929 [1] INFO DESKTOP-U4K9O5R - Se registro persona: AFlejandro Rodriguez 0453573535 Perdidas provocadas a vivienda
2022-10-11 19:22:48,433 [1] INFO DESKTOP-U4K9O5R - Se registro persona: Angel Rodriguez 978978979 Perdidas provocadas a vivienda
2022-10-11 19:22:55,125 [1] INFO DESKTOP-U4K9O5R - Se registro persona: Angel Rodriguez 978978979 Perdidas provocadas a vivienda
2022-10-11 19:23:27,570 [1] INFO DESKTOP-U4K9O5R - Se registro persona: Angel Rodriguez 978978979 Perdidas provocadas a vivienda
2022-10-11 19:24:03,984 [1] INFO DESKTOP-U4K9O5R - Se registro persona: Sigfrido Rodriguez 8686876 Perdidas provocadas a vivienda
2022-10-11 19:27:32,552 [1] INFO DESKTOP-U4K9O5R - Se registro persona: Sigfrido Rodriguez 8686876 Perdidas provocadas a vivienda
2022-10-11 19:30:47,082 [1] INFO DESKTOP-U4K9O5R - Se registro persona: Sigfrido Rodriguez 8686876 Perdidas provocadas a vivienda
2022-10-11 19:38:04,475 [1] INFO DESKTOP-U4K9O5R - Se registro persona: NADIE Rodriguez 0000022222 Perdidas provocadas a vivienda
2022-10-11 19:48:44,362 [1] INFO DESKTOP-U4K9O5R - Se registro persona: Mauricio Ocho 00185963228 Techo destruido
